
{"level":"info","message":"파일 업로드 성공: public/upload/images/20240326-72528ab5-25c4-4608-a390-d0cc3bd6a9ff-Autumn.jpg"}
{"level":"info","message":"파일 업로드 성공: public/upload/images/20240326-108b6d6a-23a7-4c27-a55d-19ef13ff8034-KakaoTalk_20240318_101543390.png"}
{"level":"info","message":"파일 업로드 성공: public/upload/images/20240326-1eddce42-2887-41fb-ab5d-9427631d3487-KakaoTalk_20240318_111927083.png"}
{"level":"info","message":"파일 업로드 성공: public/upload/images/20240326-e963888d-0a8a-43cb-bf80-246953fda0c5-KakaoTalk_20240318_101543390.png"}
{"level":"info","message":"파일 업로드 성공: public/upload/images/20240326-dcdf7d28-8af4-43a3-9b9b-47a2f8a41d56-KakaoTalk_20240318_111927083.png"}
{"level":"info","message":"파일 업로드 성공: public/upload/images/20240326-e3c3b14c-fd4d-4b27-a21b-556960295a98-KakaoTalk_20240318_101543390.png"}
{"level":"info","message":"파일 업로드 성공: public/upload/images/20240326-03bf8352-9192-48a0-9ef0-82bcbc62dc83-KakaoTalk_20240318_111927083.png"}
{"level":"info","message":"파일 업로드 성공: public/upload/images/20240326-0339eb47-ff07-4d1f-894a-1c54334227ac-KakaoTalk_20240318_101543390.png"}
{"level":"info","message":"파일 업로드 성공: public/upload/images/20240326-d8c127bc-d5d8-462d-a46d-f15de31b609c-KakaoTalk_20240318_111927083.png"}
{"level":"info","message":"파일 업로드 성공: public/upload/images/20240326-a290c3b8-1c11-433f-b159-9748196cd8ff-KakaoTalk_20240318_111927083.png"}
{"level":"info","message":"파일 업로드 성공: public/upload/images/20240326-8502593b-dae2-47ae-a9a1-b0745c238c49-KakaoTalk_20240318_101543390.png"}
{"level":"info","message":"파일 업로드 성공: public/upload/images/20240326-10e9e601-37aa-48eb-9fec-c67778eca072-KakaoTalk_20240318_111927083.png"}
{"level":"info","message":"파일 업로드 성공: public/upload/images/20240326-99cb4a81-ae45-4502-b47c-016d39d733de-áá³áá³ááµá«áá£áº 2024-03-23 áá©áá® 10.13.50.png"}
{"level":"info","message":"파일 업로드 성공: public/upload/images/20240326-8c84e09f-fefe-4cc5-898f-edcfa53b1806-áá³áá³ááµá«áá£áº 2024-03-23 áá©áá® 10.18.16.png"}
{"level":"info","message":"파일 업로드 성공: public/upload/images/20240326-1a152512-3248-4aa9-858b-709b5884bdef-áá³áá³ááµá«áá£áº 2024-03-23 áá©áá® 10.13.50.png"}
{"level":"info","message":"파일 업로드 성공: public/upload/images/20240326-6f1b3028-7ea9-426d-b233-a6fd99d5ff7d-áá³áá³ááµá«áá£áº 2024-03-23 áá©áá® 10.18.16.png"}
{"level":"info","message":"파일 업로드 성공: public/upload/images/20240326-3fefc74b-be8d-4118-832f-1abb8d5a5952-áá³áá³ááµá«áá£áº 2024-03-23 áá©áá® 10.13.50.png"}
{"level":"info","message":"파일 업로드 성공: public/upload/images/20240326-5b429350-aa64-432e-bb9e-d65bd46b5ad6-áá³áá³ááµá«áá£áº 2024-03-23 áá©áá® 10.13.50.png"}
{"level":"info","message":"파일 업로드 성공: public/upload/images/20240326-6b34e2a9-ca06-4f22-a914-c4e5fdc378ef-image.png"}
{"level":"info","message":"파일 업로드 성공: public/upload/images/20240326-6f255bcc-0daf-4f7f-8573-e2e7ecb90e92-áá³áá³ááµá«áá£áº 2024-03-22 áá©áá® 10.43.14.png"}
